<?xml version="1.0" encoding="UTF-8"?>
<testng-results ignored="0" total="1" passed="1" failed="0" skipped="0">
  <reporter-output>
  </reporter-output>
  <suite started-at="2024-01-18T02:47:37 IST" name="Default suite" finished-at="2024-01-18T02:47:53 IST" duration-ms="15793">
    <groups>
    </groups>
    <test started-at="2024-01-18T02:47:37 IST" name="Default test" finished-at="2024-01-18T02:47:53 IST" duration-ms="15793">
      <class name="com.automation.testcases.LoginTestCRM">
        <test-method is-config="true" signature="setUpSuite()[pri:0, instance:com.automation.testcases.LoginTestCRM@35841320]" started-at="2024-01-18T02:47:36 IST" name="setUpSuite" finished-at="2024-01-18T02:47:37 IST" duration-ms="1089" status="PASS">
          <reporter-output>
          </reporter-output>
        </test-method> <!-- setUpSuite -->
        <test-method is-config="true" signature="setup()[pri:0, instance:com.automation.testcases.LoginTestCRM@35841320]" started-at="2024-01-18T02:47:37 IST" name="setup" finished-at="2024-01-18T02:47:46 IST" duration-ms="9033" status="PASS">
          <reporter-output>
          </reporter-output>
        </test-method> <!-- setup -->
        <test-method signature="loginApp()[pri:0, instance:com.automation.testcases.LoginTestCRM@35841320]" started-at="2024-01-18T02:47:46 IST" name="loginApp" finished-at="2024-01-18T02:47:51 IST" duration-ms="5614" status="PASS">
          <reporter-output>
          </reporter-output>
        </test-method> <!-- loginApp -->
        <test-method is-config="true" signature="tearDownMethod(org.testng.ITestResult)[pri:0, instance:com.automation.testcases.LoginTestCRM@35841320]" started-at="2024-01-18T02:47:51 IST" name="tearDownMethod" finished-at="2024-01-18T02:47:52 IST" duration-ms="922" status="PASS">
          <params>
            <param index="0">
              <value>
                <![CDATA[[TestResult name=loginApp status=SUCCESS method=LoginTestCRM.loginApp()[pri:0, instance:com.automation.testcases.LoginTestCRM@35841320] output={null}]]]>
              </value>
            </param>
          </params>
          <reporter-output>
          </reporter-output>
        </test-method> <!-- tearDownMethod -->
        <test-method is-config="true" signature="tearDown()[pri:0, instance:com.automation.testcases.LoginTestCRM@35841320]" started-at="2024-01-18T02:47:52 IST" name="tearDown" finished-at="2024-01-18T02:47:53 IST" duration-ms="182" status="PASS">
          <reporter-output>
          </reporter-output>
        </test-method> <!-- tearDown -->
      </class> <!-- com.automation.testcases.LoginTestCRM -->
    </test> <!-- Default test -->
  </suite> <!-- Default suite -->
</testng-results>
